<?xml version="1.0" encoding="UTF-8"?>
<!-- Generated by org.testng.reporters.JUnitReportReporter -->
<testsuite hostname="Parthiban" failures="0" tests="6" name="api.test.DDTests" time="11.368" errors="0" timestamp="2023-02-23T15:14:29 IST" skipped="0">
  <testcase classname="api.test.DDTests" name="testPostUser" time="1.209"/>
  <system-out/>
  <testcase classname="api.test.DDTests" name="testPostUser" time="1.239"/>
  <system-out/>
  <testcase classname="api.test.DDTests" name="testPostUser" time="5.295"/>
  <system-out/>
  <testcase classname="api.test.DDTests" name="testDeleteUser" time="1.195"/>
  <system-out/>
  <testcase classname="api.test.DDTests" name="testDeleteUser" time="1.229"/>
  <system-out/>
  <testcase classname="api.test.DDTests" name="testDeleteUser" time="1.201"/>
  <system-out/>
</testsuite> <!-- api.test.DDTests -->
