<?xml version="1.0" encoding="UTF-8"?>
<!-- Generated by org.testng.reporters.JUnitReportReporter -->
<testsuite hostname="Parthiban" failures="0" tests="4" name="api.test.UserTests" time="9.853" errors="0" timestamp="2023-02-23T16:09:42 IST" skipped="0">
  <testcase classname="api.test.UserTests" name="testPostUser" time="3.385"/>
  <system-out/>
  <testcase classname="api.test.UserTests" name="testGetUserByName" time="1.563"/>
  <system-out/>
  <testcase classname="api.test.UserTests" name="testUpdateUserByName" time="3.241"/>
  <system-out/>
  <testcase classname="api.test.UserTests" name="testDeleteUserByName" time="1.664"/>
  <system-out/>
</testsuite> <!-- api.test.UserTests -->
