<?xml version="1.0" encoding="UTF-8"?>
<!-- Generated by org.testng.reporters.JUnitReportReporter -->
<testsuite hostname="Parthiban" failures="0" tests="4" name="api.test.UserTests2" time="10.370" errors="0" timestamp="2023-02-25T13:17:07 IST" skipped="0">
  <testcase classname="api.test.UserTests2" name="testPostUser" time="4.366"/>
  <system-out/>
  <testcase classname="api.test.UserTests2" name="testGetUserByName" time="1.535"/>
  <system-out/>
  <testcase classname="api.test.UserTests2" name="testUpdateUserByName" time="2.899"/>
  <system-out/>
  <testcase classname="api.test.UserTests2" name="testDeleteUserByName" time="1.570"/>
  <system-out/>
</testsuite> <!-- api.test.UserTests2 -->
